# JRE version: OpenJDK Runtime Environment (Zulu 8.80.0.17-CA-win64) (8.0_422-b05) (build 1.8.0_422-b05)
# Java VM: OpenJDK 64-Bit Server VM (25.422-b05 mixed mode windows-amd64 compressed oops)
Heap:
 PSYoungGen      total 2534400K, used 1782798K [0x0000000715580000, 0x00000007c0000000, 0x00000007c0000000)
  eden space 2401792K, 68% used [0x0000000715580000,0x000000077a161c80,0x00000007a7f00000)
  from space 132608K, 99% used [0x00000007a7f00000,0x00000007b0021f70,0x00000007b0080000)
  to   space 204288K, 0% used [0x00000007b3880000,0x00000007b3880000,0x00000007c0000000)
 ParOldGen       total 825344K, used 693196K [0x00000005c0000000, 0x00000005f2600000, 0x0000000715580000)
  object space 825344K, 83% used [0x00000005c0000000,0x00000005ea4f3090,0x00000005f2600000)
 Metaspace       used 128801K, capacity 146103K, committed 146392K, reserved 1175552K
  class space    used 16356K, capacity 20986K, committed 20992K, reserved 1048576K
GC Heap History (10 events):
Event: 33.599 GC heap before
{Heap before GC invocations=21 (full 4):
 PSYoungGen      total 2700800K, used 47175K [0x0000000715580000, 0x00000007bff80000, 0x00000007c0000000)
  eden space 2605568K, 0% used [0x0000000715580000,0x0000000715580000,0x00000007b4600000)
  from space 95232K, 49% used [0x00000007b4600000,0x00000007b7411e80,0x00000007ba300000)
  to   space 91648K, 0% used [0x00000007ba600000,0x00000007ba600000,0x00000007bff80000)
 ParOldGen       total 564736K, used 394387K [0x00000005c0000000, 0x00000005e2780000, 0x0000000715580000)
  object space 564736K, 69% used [0x00000005c0000000,0x00000005d8124fd0,0x00000005e2780000)
 Metaspace       used 94767K, capacity 98125K, committed 98264K, reserved 1134592K
  class space    used 11374K, capacity 12454K, committed 12544K, reserved 1048576K
Event: 33.976 GC heap after
Heap after GC invocations=21 (full 4):
 PSYoungGen      total 2700800K, used 0K [0x0000000715580000, 0x00000007bff80000, 0x00000007c0000000)
  eden space 2605568K, 0% used [0x0000000715580000,0x0000000715580000,0x00000007b4600000)
  from space 95232K, 0% used [0x00000007b4600000,0x00000007b4600000,0x00000007ba300000)
  to   space 91648K, 0% used [0x00000007ba600000,0x00000007ba600000,0x00000007bff80000)
 ParOldGen       total 825344K, used 404632K [0x00000005c0000000, 0x00000005f2600000, 0x0000000715580000)
  object space 825344K, 49% used [0x00000005c0000000,0x00000005d8b26330,0x00000005f2600000)
 Metaspace       used 94760K, capacity 98107K, committed 98264K, reserved 1134592K
  class space    used 11372K, capacity 12451K, committed 12544K, reserved 1048576K
}
Event: 40.117 GC heap before
{Heap before GC invocations=22 (full 4):
 PSYoungGen      total 2700800K, used 2605568K [0x0000000715580000, 0x00000007bff80000, 0x00000007c0000000)
  eden space 2605568K, 100% used [0x0000000715580000,0x00000007b4600000,0x00000007b4600000)
  from space 95232K, 0% used [0x00000007b4600000,0x00000007b4600000,0x00000007ba300000)
  to   space 91648K, 0% used [0x00000007ba600000,0x00000007ba600000,0x00000007bff80000)
 ParOldGen       total 825344K, used 404632K [0x00000005c0000000, 0x00000005f2600000, 0x0000000715580000)
  object space 825344K, 49% used [0x00000005c0000000,0x00000005d8b26330,0x00000005f2600000)
 Metaspace       used 109518K, capacity 122271K, committed 122456K, reserved 1155072K
  class space    used 13802K, capacity 17177K, committed 17280K, reserved 1048576K
Event: 40.144 GC heap after
Heap after GC invocations=22 (full 4):
 PSYoungGen      total 2688000K, used 82977K [0x0000000715580000, 0x00000007c0000000, 0x00000007c0000000)
  eden space 2596352K, 0% used [0x0000000715580000,0x0000000715580000,0x00000007b3d00000)
  from space 91648K, 90% used [0x00000007ba600000,0x00000007bf7087f0,0x00000007bff80000)
  to   space 99840K, 0% used [0x00000007b3d00000,0x00000007b3d00000,0x00000007b9e80000)
 ParOldGen       total 825344K, used 404640K [0x00000005c0000000, 0x00000005f2600000, 0x0000000715580000)
  object space 825344K, 49% used [0x00000005c0000000,0x00000005d8b28330,0x00000005f2600000)
 Metaspace       used 109518K, capacity 122271K, committed 122456K, reserved 1155072K
  class space    used 13802K, capacity 17177K, committed 17280K, reserved 1048576K
}
Event: 44.183 GC heap before
{Heap before GC invocations=23 (full 4):
 PSYoungGen      total 2688000K, used 2679329K [0x0000000715580000, 0x00000007c0000000, 0x00000007c0000000)
  eden space 2596352K, 100% used [0x0000000715580000,0x00000007b3d00000,0x00000007b3d00000)
  from space 91648K, 90% used [0x00000007ba600000,0x00000007bf7087f0,0x00000007bff80000)
  to   space 99840K, 0% used [0x00000007b3d00000,0x00000007b3d00000,0x00000007b9e80000)
 ParOldGen       total 825344K, used 404640K [0x00000005c0000000, 0x00000005f2600000, 0x0000000715580000)
  object space 825344K, 49% used [0x00000005c0000000,0x00000005d8b28330,0x00000005f2600000)
 Metaspace       used 116316K, capacity 130505K, committed 130648K, reserved 1161216K
  class space    used 14736K, capacity 18453K, committed 18560K, reserved 1048576K
Event: 44.238 GC heap after
Heap after GC invocations=23 (full 4):
 PSYoungGen      total 2696192K, used 99825K [0x0000000715580000, 0x00000007c0000000, 0x00000007c0000000)
  eden space 2596352K, 0% used [0x0000000715580000,0x0000000715580000,0x00000007b3d00000)
  from space 99840K, 99% used [0x00000007b3d00000,0x00000007b9e7c7b8,0x00000007b9e80000)
  to   space 99840K, 0% used [0x00000007b9e80000,0x00000007b9e80000,0x00000007c0000000)
 ParOldGen       total 825344K, used 487046K [0x00000005c0000000, 0x00000005f2600000, 0x0000000715580000)
  object space 825344K, 59% used [0x00000005c0000000,0x00000005ddba1a28,0x00000005f2600000)
 Metaspace       used 116316K, capacity 130505K, committed 130648K, reserved 1161216K
  class space    used 14736K, capacity 18453K, committed 18560K, reserved 1048576K
}
Event: 48.503 GC heap before
{Heap before GC invocations=24 (full 4):
 PSYoungGen      total 2696192K, used 2696177K [0x0000000715580000, 0x00000007c0000000, 0x00000007c0000000)
  eden space 2596352K, 100% used [0x0000000715580000,0x00000007b3d00000,0x00000007b3d00000)
  from space 99840K, 99% used [0x00000007b3d00000,0x00000007b9e7c7b8,0x00000007b9e80000)
  to   space 99840K, 0% used [0x00000007b9e80000,0x00000007b9e80000,0x00000007c0000000)
 ParOldGen       total 825344K, used 487046K [0x00000005c0000000, 0x00000005f2600000, 0x0000000715580000)
  object space 825344K, 59% used [0x00000005c0000000,0x00000005ddba1a28,0x00000005f2600000)
 Metaspace       used 120794K, capacity 135911K, committed 136152K, reserved 1165312K
  class space    used 15367K, capacity 19330K, committed 19456K, reserved 1048576K
Event: 48.572 GC heap after
Heap after GC invocations=24 (full 4):
 PSYoungGen      total 2501632K, used 99835K [0x0000000715580000, 0x00000007c0000000, 0x00000007c0000000)
  eden space 2401792K, 0% used [0x0000000715580000,0x0000000715580000,0x00000007a7f00000)
  from space 99840K, 99% used [0x00000007b9e80000,0x00000007bfffef20,0x00000007c0000000)
  to   space 197120K, 0% used [0x00000007a7f00000,0x00000007a7f00000,0x00000007b3f80000)
 ParOldGen       total 825344K, used 620952K [0x00000005c0000000, 0x00000005f2600000, 0x0000000715580000)
  object space 825344K, 75% used [0x00000005c0000000,0x00000005e5e661c8,0x00000005f2600000)
 Metaspace       used 120794K, capacity 135911K, committed 136152K, reserved 1165312K
  class space    used 15367K, capacity 19330K, committed 19456K, reserved 1048576K
}
Event: 51.202 GC heap before
{Heap before GC invocations=25 (full 4):
 PSYoungGen      total 2501632K, used 2501627K [0x0000000715580000, 0x00000007c0000000, 0x00000007c0000000)
  eden space 2401792K, 100% used [0x0000000715580000,0x00000007a7f00000,0x00000007a7f00000)
  from space 99840K, 99% used [0x00000007b9e80000,0x00000007bfffef20,0x00000007c0000000)
  to   space 197120K, 0% used [0x00000007a7f00000,0x00000007a7f00000,0x00000007b3f80000)
 ParOldGen       total 825344K, used 620952K [0x00000005c0000000, 0x00000005f2600000, 0x0000000715580000)
  object space 825344K, 75% used [0x00000005c0000000,0x00000005e5e661c8,0x00000005f2600000)
 Metaspace       used 124239K, capacity 139979K, committed 140248K, reserved 1169408K
  class space    used 15783K, capacity 19933K, committed 19968K, reserved 1048576K
Event: 51.255 GC heap after
Heap after GC invocations=25 (full 4):
 PSYoungGen      total 2534400K, used 132231K [0x0000000715580000, 0x00000007c0000000, 0x00000007c0000000)
  eden space 2401792K, 0% used [0x0000000715580000,0x0000000715580000,0x00000007a7f00000)
  from space 132608K, 99% used [0x00000007a7f00000,0x00000007b0021f70,0x00000007b0080000)
  to   space 204288K, 0% used [0x00000007b3880000,0x00000007b3880000,0x00000007c0000000)
 ParOldGen       total 825344K, used 693196K [0x00000005c0000000, 0x00000005f2600000, 0x0000000715580000)
  object space 825344K, 83% used [0x00000005c0000000,0x00000005ea4f3090,0x00000005f2600000)
 Metaspace       used 124239K, capacity 139979K, committed 140248K, reserved 1169408K
  class space    used 15783K, capacity 19933K, committed 19968K, reserved 1048576K
}

